[   25500ms] [ERROR] Failed to load resource: the server responded with a status of 500 (Internal Server Error) @ http://localhost:3000/login:0
[   26127ms] [INFO] %cDownload the React DevTools for a better development experience: https://reactjs.org/link/react-devtools font-weight:bold @ webpack-internal:///../../node_modules/react-dom/cjs/react-dom.development.js:29889
[   26294ms] Error: Cannot find module 'C:\Users\HP\OneDrive\Desktop\ATTENDANCE\apps\web\.next\server\middleware-manifest.json'
Require stack:
- C:\Users\HP\OneDrive\Desktop\ATTENDANCE\node_modules\next\dist\server\next-server.js
- C:\Users\HP\OneDrive\Desktop\ATTENDANCE\node_modules\next\dist\server\dev\next-dev-server.js
- C:\Users\HP\OneDrive\Desktop\ATTENDANCE\node_modules\next\dist\server\next.js
- C:\Users\HP\OneDrive\Desktop\ATTENDANCE\node_modules\next\dist\server\lib\start-server.js
    at Function.<anonymous> (node:internal/modules/cjs/loader:1430:15)
    at <unknown> (file://C:\Users\HP\OneDrive\Desktop\ATTENDANCE\node_modules\next\dist\server\require-hook.js:55:36)
    at defaultResolveImpl (node:internal/modules/cjs/loader:1040:19)
    at resolveForCJSWithHooks (node:internal/modules/cjs/loader:1045:22)
    at Function._load (node:internal/modules/cjs/loader:1216:25)
    at wrapModuleLoad (node:internal/modules/cjs/loader:254:19)
    at Module.<anonymous> (node:internal/modules/cjs/loader:1527:12)
    at mod.require (file://C:\Users\HP\OneDrive\Desktop\ATTENDANCE\node_modules\next\dist\server\require-hook.js:65:28)
    at require (node:internal/modules/helpers:147:16)
    at DevServer.getMiddlewareManifest (file://C:\Users\HP\OneDrive\Desktop\ATTENDANCE\node_modules\next\dist\server\next-server.js:938:26)
    at DevServer.getEdgeFunctionsPages (file://C:\Users\HP\OneDrive\Desktop\ATTENDANCE\node_modules\next\dist\server\next-server.js:954:31)
    at DevServer.renderErrorToResponseImpl (file://C:\Users\HP\OneDrive\Desktop\ATTENDANCE\node_modules\next\dist\server\next-server.js:913:22)
    at async DevServer.pipeImpl (file://C:\Users\HP\OneDrive\Desktop\ATTENDANCE\node_modules\next\dist\server\base-server.js:922:25)
    at async NextNodeServer.handleCatchallRenderRequest (file://C:\Users\HP\OneDrive\Desktop\ATTENDANCE\node_modules\next\dist\server\next-server.js:231:21)
    at async DevServer.handleRequestImpl (file://C:\Users\HP\OneDrive\Desktop\ATTENDANCE\node_modules\next\dist\server\base-server.js:818:17)
    at async (file://C:\Users\HP\OneDrive\Desktop\ATTENDANCE\node_modules\next\dist\server\dev\next-dev-server.js:339:20)
    at async Span.traceAsyncFn (file://C:\Users\HP\OneDrive\Desktop\ATTENDANCE\node_modules\next\dist\trace\trace.js:154:20)
    at async DevServer.handleRequest (file://C:\Users\HP\OneDrive\Desktop\ATTENDANCE\node_modules\next\dist\server\dev\next-dev-server.js:336:24)
    at async invokeRender (file://C:\Users\HP\OneDrive\Desktop\ATTENDANCE\node_modules\next\dist\server\lib\router-server.js:179:21)
    at async handleRequest (file://C:\Users\HP\OneDrive\Desktop\ATTENDANCE\node_modules\next\dist\server\lib\router-server.js:359:24)
    at async requestHandlerImpl (file://C:\Users\HP\OneDrive\Desktop\ATTENDANCE\node_modules\next\dist\server\lib\router-server.js:383:13)
    at async Server.requestListener (file://C:\Users\HP\OneDrive\Desktop\ATTENDANCE\node_modules\next\dist\server\lib\start-server.js:141:13)
[   26275ms] [LOG] [HMR] connected @ webpack-internal:///../../node_modules/next/dist/client/components/react-dev-overlay/pages/websocket.js:38
[   26304ms] [ERROR] Failed to load resource: the server responded with a status of 404 (Not Found) @ http://localhost:3000/favicon.ico:0
[   89091ms] [LOG] [HMR] connected @ webpack-internal:///../../node_modules/next/dist/client/components/react-dev-overlay/pages/websocket.js:38
[   89177ms] [LOG] [Fast Refresh] rebuilding @ webpack-internal:///../../node_modules/next/dist/client/components/react-dev-overlay/pages/hot-reloader-client.js:221
[   95800ms] [LOG] [Fast Refresh] rebuilding @ webpack-internal:///../../node_modules/next/dist/client/components/react-dev-overlay/pages/hot-reloader-client.js:221
[   96541ms] [ERROR] Failed to load resource: net::ERR_CONNECTION_RESET @ http://localhost:3000/_next/static/webpack/b860e02dd868e139.webpack.hot-update.json:0
[   96555ms] [WARNING] [Fast Refresh] performing full reload

Fast Refresh will perform a full reload when you edit a file that's imported by modules outside of the React rendering tree.
You might have a file which exports a React component but also exports a value that is imported by a non-React component file.
Consider migrating the non-React component export to a separate file and importing it into both files.

It is also possible the parent component of the component you edited is a class component, which disables Fast Refresh.
Fast Refresh requires at least one parent function component in your React tree. @ webpack-internal:///../../node_modules/next/dist/client/components/react-dev-overlay/pages/hot-reloader-client.js:347
[  121688ms] [INFO] %cDownload the React DevTools for a better development experience: https://reactjs.org/link/react-devtools font-weight:bold @ webpack-internal:///(app-pages-browser)/../../node_modules/next/dist/compiled/react-dom/cjs/react-dom.development.js:38559
