[  103184ms] [INFO] %cDownload the React DevTools for a better development experience: https://reactjs.org/link/react-devtools font-weight:bold @ webpack-internal:///(app-pages-browser)/../../node_modules/next/dist/compiled/react-dom/cjs/react-dom.development.js:38559
[  114720ms] [ERROR] Failed to fetch RSC payload for http://localhost:3000/login. Falling back to browser navigation. TypeError: Cannot read properties of undefined (reading 'call')
    at options.factory (http://localhost:3000/_next/static/chunks/webpack.js?v=1779346487367:715:31)
    at __webpack_require__ (http://localhost:3000/_next/static/chunks/webpack.js?v=1779346487367:37:33)
    at fn (http://localhost:3000/_next/static/chunks/webpack.js?v=1779346487367:371:21)
    at 77679 (http://localhost:3000/_next/static/chunks/app/login/page-4daabdcf775968c1.js:1:213)
    at options.factory (http://localhost:3000/_next/static/chunks/webpack.js?v=1779346487367:715:31)
    at __webpack_require__ (http://localhost:3000/_next/static/chunks/webpack.js?v=1779346487367:37:33)
    at fn (http://localhost:3000/_next/static/chunks/webpack.js?v=1779346487367:371:21)
    at requireAsyncModule (webpack-internal:///(app-pages-browser)/../../node_modules/next/dist/compiled/react-server-dom-webpack/cjs/react-server-dom-webpack-client.browser.development.js:134:17)
    at eval (webpack-internal:///(app-pages-browser)/../../node_modules/next/dist/compiled/react-server-dom-webpack/cjs/react-server-dom-webpack-client.browser.development.js:189:16) @ webpack-internal:///(app-pages-browser)/../../node_modules/next/dist/client/app-index.js:32
[  115031ms] [ERROR] Failed to fetch RSC payload for http://localhost:3000/login. Falling back to browser navigation. TypeError: Cannot read properties of undefined (reading 'call')
    at options.factory (http://localhost:3000/_next/static/chunks/webpack.js?v=1779346487367:715:31)
    at __webpack_require__ (http://localhost:3000/_next/static/chunks/webpack.js?v=1779346487367:37:33)
    at fn (http://localhost:3000/_next/static/chunks/webpack.js?v=1779346487367:371:21)
    at 77679 (http://localhost:3000/_next/static/chunks/app/login/page-4daabdcf775968c1.js:1:213)
    at options.factory (http://localhost:3000/_next/static/chunks/webpack.js?v=1779346487367:715:31)
    at __webpack_require__ (http://localhost:3000/_next/static/chunks/webpack.js?v=1779346487367:37:33)
    at fn (http://localhost:3000/_next/static/chunks/webpack.js?v=1779346487367:371:21)
    at requireAsyncModule (webpack-internal:///(app-pages-browser)/../../node_modules/next/dist/compiled/react-server-dom-webpack/cjs/react-server-dom-webpack-client.browser.development.js:134:17)
    at preloadModule (webpack-internal:///(app-pages-browser)/../../node_modules/next/dist/compiled/react-server-dom-webpack/cjs/react-server-dom-webpack-client.browser.development.js:186:14)
    at resolveModule (webpack-internal:///(app-pages-browser)/../../node_modules/next/dist/compiled/react-server-dom-webpack/cjs/react-server-dom-webpack-client.browser.development.js:1819:17)
    at processFullRow (webpack-internal:///(app-pages-browser)/../../node_modules/next/dist/compiled/react-server-dom-webpack/cjs/react-server-dom-webpack-client.browser.development.js:1908:9)
    at processBinaryChunk (webpack-internal:///(app-pages-browser)/../../node_modules/next/dist/compiled/react-server-dom-webpack/cjs/react-server-dom-webpack-client.browser.development.js:2078:7)
    at progress (webpack-internal:///(app-pages-browser)/../../node_modules/next/dist/compiled/react-server-dom-webpack/cjs/react-server-dom-webpack-client.browser.development.js:2159:5) @ webpack-internal:///(app-pages-browser)/../../node_modules/next/dist/client/app-index.js:32
[  115696ms] [ERROR] Failed to load resource: the server responded with a status of 500 (Internal Server Error) @ http://localhost:3000/login:0
[  115983ms] Error: Minified React error #418; visit https://reactjs.org/docs/error-decoder.html?invariant=418 for the full message or use the non-minified dev environment for full errors and additional helpful warnings.
    at lg (http://localhost:3000/_next/static/chunks/framework-58c3457e28c4602f.js:1:46553)
    at i (http://localhost:3000/_next/static/chunks/framework-58c3457e28c4602f.js:1:121148)
    at oO (http://localhost:3000/_next/static/chunks/framework-58c3457e28c4602f.js:1:99115)
    at http://localhost:3000/_next/static/chunks/framework-58c3457e28c4602f.js:1:98982
    at oF (http://localhost:3000/_next/static/chunks/framework-58c3457e28c4602f.js:1:98989)
    at oS (http://localhost:3000/_next/static/chunks/framework-58c3457e28c4602f.js:1:94028)
    at x (http://localhost:3000/_next/static/chunks/framework-58c3457e28c4602f.js:1:137524)
    at MessagePort.T (http://localhost:3000/_next/static/chunks/framework-58c3457e28c4602f.js:1:138054)
[  115984ms] Error: Minified React error #423; visit https://reactjs.org/docs/error-decoder.html?invariant=423 for the full message or use the non-minified dev environment for full errors and additional helpful warnings.
    at i (http://localhost:3000/_next/static/chunks/framework-58c3457e28c4602f.js:1:120817)
    at oO (http://localhost:3000/_next/static/chunks/framework-58c3457e28c4602f.js:1:99115)
    at http://localhost:3000/_next/static/chunks/framework-58c3457e28c4602f.js:1:98982
    at oF (http://localhost:3000/_next/static/chunks/framework-58c3457e28c4602f.js:1:98989)
    at ox (http://localhost:3000/_next/static/chunks/framework-58c3457e28c4602f.js:1:95741)
    at oS (http://localhost:3000/_next/static/chunks/framework-58c3457e28c4602f.js:1:94296)
    at x (http://localhost:3000/_next/static/chunks/framework-58c3457e28c4602f.js:1:137524)
    at MessagePort.T (http://localhost:3000/_next/static/chunks/framework-58c3457e28c4602f.js:1:138054)
[  116042ms] [ERROR] Failed to load resource: the server responded with a status of 404 (Not Found) @ http://localhost:3000/favicon.ico:0
