[    1868ms] [LOG] [Fast Refresh] rebuilding @ webpack-internal:///(app-pages-browser)/../../node_modules/next/dist/client/components/react-dev-overlay/app/hot-reloader-client.js:186
[    9428ms] [LOG] [Fast Refresh] done in 7562ms @ webpack-internal:///(app-pages-browser)/../../node_modules/next/dist/client/components/react-dev-overlay/app/hot-reloader-client.js:43
[   13406ms] [ERROR] Failed to fetch RSC payload for http://localhost:3000/admin/holidays. Falling back to browser navigation. TypeError: Failed to fetch
    at fetchServerResponse (webpack-internal:///(app-pages-browser)/../../node_modules/next/dist/client/components/router-reducer/fetch-server-response.js:59:27)
    at fastRefreshReducerImpl (webpack-internal:///(app-pages-browser)/../../node_modules/next/dist/client/components/router-reducer/reducers/fast-refresh-reducer.js:33:67)
    at clientReducer (webpack-internal:///(app-pages-browser)/../../node_modules/next/dist/client/components/router-reducer/router-reducer.js:41:67)
    at Object.action (webpack-internal:///(app-pages-browser)/../../node_modules/next/dist/shared/lib/router/action-queue.js:150:55)
    at runAction (webpack-internal:///(app-pages-browser)/../../node_modules/next/dist/shared/lib/router/action-queue.js:56:38)
    at dispatchAction (webpack-internal:///(app-pages-browser)/../../node_modules/next/dist/shared/lib/router/action-queue.js:113:9)
    at Object.dispatch (webpack-internal:///(app-pages-browser)/../../node_modules/next/dist/shared/lib/router/action-queue.js:145:40)
    at eval (webpack-internal:///(app-pages-browser)/../../node_modules/next/dist/client/components/use-reducer-with-devtools.js:130:21)
    at eval (webpack-internal:///(app-pages-browser)/../../node_modules/next/dist/client/components/app-router.js:304:25)
    at startTransition (webpack-internal:///(app-pages-browser)/../../node_modules/next/dist/compiled/react/cjs/react.development.js:2597:25)
    at Object.fastRefresh (webpack-internal:///(app-pages-browser)/../../node_modules/next/dist/client/components/app-router.js:303:48)
    at processMessage (webpack-internal:///(app-pages-browser)/../../node_modules/next/dist/client/components/react-dev-overlay/app/hot-reloader-client.js:297:31)
    at WebSocket.handler (webpack-internal:///(app-pages-browser)/../../node_modules/next/dist/client/components/react-dev-overlay/app/hot-reloader-client.js:395:17) @ webpack-internal:///(app-pages-browser)/../../node_modules/next/dist/client/app-index.js:32
[   13418ms] [ERROR] Failed to load resource: the server responded with a status of 500 (Internal Server Error) @ http://localhost:3000/admin/salary:0
[   15473ms] [INFO] %cDownload the React DevTools for a better development experience: https://reactjs.org/link/react-devtools font-weight:bold @ webpack-internal:///../../node_modules/react-dom/cjs/react-dom.development.js:29889
[   16134ms] TypeError: Cannot read properties of undefined (reading 'call')
    at Object.__webpack_require__ [as require] (file://C:\Users\HP\OneDrive\Desktop\ATTENDANCE\apps\web\.next\server\webpack-runtime.js:33:43)
    at require (file://C:\Users\HP\OneDrive\Desktop\ATTENDANCE\node_modules\next\dist\compiled\next-server\app-page.runtime.dev.js:40:20064)
    at <unknown> (file://C:\Users\HP\OneDrive\Desktop\ATTENDANCE\node_modules\next\dist\compiled\next-server\app-page.runtime.dev.js:35:108376)
    at ea (file://C:\Users\HP\OneDrive\Desktop\ATTENDANCE\node_modules\next\dist\compiled\next-server\app-page.runtime.dev.js:35:108583)
    at <unknown> (file://C:\Users\HP\OneDrive\Desktop\ATTENDANCE\node_modules\next\dist\compiled\next-server\app-page.runtime.dev.js:35:110813)
    at Object._fromJSON (file://C:\Users\HP\OneDrive\Desktop\ATTENDANCE\node_modules\next\dist\compiled\next-server\app-page.runtime.dev.js:35:111370)
    at JSON.parse (<anonymous>)
    at ec (file://C:\Users\HP\OneDrive\Desktop\ATTENDANCE\node_modules\next\dist\compiled\next-server\app-page.runtime.dev.js:35:109078)
    at eo (file://C:\Users\HP\OneDrive\Desktop\ATTENDANCE\node_modules\next\dist\compiled\next-server\app-page.runtime.dev.js:35:108123)
    at <unknown> (file://C:\Users\HP\OneDrive\Desktop\ATTENDANCE\node_modules\next\dist\compiled\next-server\app-page.runtime.dev.js:35:115291)
    at <unknown> (file://C:\Users\HP\OneDrive\Desktop\ATTENDANCE\node_modules\next\dist\compiled\next-server\app-page.runtime.dev.js:35:115308)
    at <unknown> (file://C:\Users\HP\OneDrive\Desktop\ATTENDANCE\node_modules\next\dist\compiled\next-server\app-page.runtime.dev.js:35:115341)
    at <unknown> (file://C:\Users\HP\OneDrive\Desktop\ATTENDANCE\node_modules\next\dist\compiled\next-server\app-page.runtime.dev.js:35:115358)
    at t (file://C:\Users\HP\OneDrive\Desktop\ATTENDANCE\node_modules\next\dist\compiled\next-server\app-page.runtime.dev.js:35:115581)
[   15610ms] [LOG] [HMR] connected @ webpack-internal:///../../node_modules/next/dist/client/components/react-dev-overlay/pages/websocket.js:38
[   15983ms] [ERROR] Failed to load resource: the server responded with a status of 404 (Not Found) @ http://localhost:3000/favicon.ico:0
[   16025ms] [LOG] [Fast Refresh] rebuilding @ webpack-internal:///../../node_modules/next/dist/client/components/react-dev-overlay/pages/hot-reloader-client.js:221
[   16519ms] [WARNING] [Fast Refresh] performing full reload because your application had an unrecoverable error @ webpack-internal:///../../node_modules/next/dist/client/components/react-dev-overlay/pages/hot-reloader-client.js:349
[   18451ms] [WARNING] [Fast Refresh] performing full reload because your application had an unrecoverable error @ webpack-internal:///../../node_modules/next/dist/client/components/react-dev-overlay/pages/hot-reloader-client.js:349
[   20930ms] [ERROR] Failed to load resource: the server responded with a status of 404 (Not Found) @ http://localhost:3000/_next/static/css/app/layout.css?v=1779347891094:0
[   21061ms] [ERROR] Failed to load resource: the server responded with a status of 404 (Not Found) @ http://localhost:3000/_next/static/chunks/main-app.js?v=1779347891094:0
[   21064ms] [ERROR] Failed to load resource: the server responded with a status of 404 (Not Found) @ http://localhost:3000/_next/static/chunks/app/admin/salary/page.js:0
[   21073ms] [ERROR] Failed to load resource: the server responded with a status of 404 (Not Found) @ http://localhost:3000/_next/static/chunks/app-pages-internals.js:0
[   21100ms] [ERROR] Failed to load resource: the server responded with a status of 404 (Not Found) @ http://localhost:3000/_next/static/chunks/app/admin/layout.js:0
[   22676ms] [ERROR] Failed to load resource: the server responded with a status of 500 (Internal Server Error) @ http://localhost:3000/icon.png?5bc9aaaa0a62e978:0
