[     644ms] [LOG] [Fast Refresh] rebuilding @ webpack-internal:///(app-pages-browser)/../../node_modules/next/dist/client/components/react-dev-overlay/app/hot-reloader-client.js:186
[    3975ms] [LOG] [Fast Refresh] done in 3332ms @ webpack-internal:///(app-pages-browser)/../../node_modules/next/dist/client/components/react-dev-overlay/app/hot-reloader-client.js:43
[    6358ms] [INFO] %cDownload the React DevTools for a better development experience: https://reactjs.org/link/react-devtools font-weight:bold @ webpack-internal:///(app-pages-browser)/../../node_modules/next/dist/compiled/react-dom/cjs/react-dom.development.js:38559
[   31535ms] [LOG] [Fast Refresh] rebuilding @ webpack-internal:///(app-pages-browser)/../../node_modules/next/dist/client/components/react-dev-overlay/app/hot-reloader-client.js:186
[   32237ms] [LOG] [Fast Refresh] done in 702ms @ webpack-internal:///(app-pages-browser)/../../node_modules/next/dist/client/components/react-dev-overlay/app/hot-reloader-client.js:43
[   33135ms] [ERROR] Failed to load resource: the server responded with a status of 404 (Not Found) @ http://localhost:3000/api/admin/attendance:0
[   33143ms] [ERROR] Failed to load resource: the server responded with a status of 404 (Not Found) @ http://localhost:3000/api/admin/salary?month=2026-05:0
[   90672ms] [LOG] [Fast Refresh] rebuilding @ webpack-internal:///(app-pages-browser)/../../node_modules/next/dist/client/components/react-dev-overlay/app/hot-reloader-client.js:186
[   96161ms] [LOG] [Fast Refresh] done in 5490ms @ webpack-internal:///(app-pages-browser)/../../node_modules/next/dist/client/components/react-dev-overlay/app/hot-reloader-client.js:43
[  101335ms] [ERROR] Failed to fetch RSC payload for http://localhost:3000/admin/reports. Falling back to browser navigation. TypeError: Failed to fetch
    at fetchServerResponse (webpack-internal:///(app-pages-browser)/../../node_modules/next/dist/client/components/router-reducer/fetch-server-response.js:59:27)
    at fastRefreshReducerImpl (webpack-internal:///(app-pages-browser)/../../node_modules/next/dist/client/components/router-reducer/reducers/fast-refresh-reducer.js:33:67)
    at clientReducer (webpack-internal:///(app-pages-browser)/../../node_modules/next/dist/client/components/router-reducer/router-reducer.js:41:67)
    at Object.action (webpack-internal:///(app-pages-browser)/../../node_modules/next/dist/shared/lib/router/action-queue.js:150:55)
    at runAction (webpack-internal:///(app-pages-browser)/../../node_modules/next/dist/shared/lib/router/action-queue.js:56:38)
    at dispatchAction (webpack-internal:///(app-pages-browser)/../../node_modules/next/dist/shared/lib/router/action-queue.js:113:9)
    at Object.dispatch (webpack-internal:///(app-pages-browser)/../../node_modules/next/dist/shared/lib/router/action-queue.js:145:40)
    at eval (webpack-internal:///(app-pages-browser)/../../node_modules/next/dist/client/components/use-reducer-with-devtools.js:130:21)
    at eval (webpack-internal:///(app-pages-browser)/../../node_modules/next/dist/client/components/app-router.js:304:25)
    at startTransition (webpack-internal:///(app-pages-browser)/../../node_modules/next/dist/compiled/react/cjs/react.development.js:2597:25)
    at Object.fastRefresh (webpack-internal:///(app-pages-browser)/../../node_modules/next/dist/client/components/app-router.js:303:48)
    at processMessage (webpack-internal:///(app-pages-browser)/../../node_modules/next/dist/client/components/react-dev-overlay/app/hot-reloader-client.js:297:31)
    at WebSocket.handler (webpack-internal:///(app-pages-browser)/../../node_modules/next/dist/client/components/react-dev-overlay/app/hot-reloader-client.js:395:17) @ webpack-internal:///(app-pages-browser)/../../node_modules/next/dist/client/app-index.js:32
[  101349ms] [ERROR] Failed to load resource: the server responded with a status of 500 (Internal Server Error) @ http://localhost:3000/admin/reports:0
[  103530ms] [INFO] %cDownload the React DevTools for a better development experience: https://reactjs.org/link/react-devtools font-weight:bold @ webpack-internal:///../../node_modules/react-dom/cjs/react-dom.development.js:29889
[  103686ms] Error: Cannot find module './4522.js'
Require stack:
- C:\Users\HP\OneDrive\Desktop\ATTENDANCE\apps\web\.next\server\webpack-runtime.js
- C:\Users\HP\OneDrive\Desktop\ATTENDANCE\apps\web\.next\server\app\_not-found\page.js
- C:\Users\HP\OneDrive\Desktop\ATTENDANCE\node_modules\next\dist\server\require.js
- C:\Users\HP\OneDrive\Desktop\ATTENDANCE\node_modules\next\dist\server\load-components.js
- C:\Users\HP\OneDrive\Desktop\ATTENDANCE\node_modules\next\dist\build\utils.js
- C:\Users\HP\OneDrive\Desktop\ATTENDANCE\node_modules\next\dist\server\dev\hot-middleware.js
- C:\Users\HP\OneDrive\Desktop\ATTENDANCE\node_modules\next\dist\server\dev\hot-reloader-webpack.js
- C:\Users\HP\OneDrive\Desktop\ATTENDANCE\node_modules\next\dist\server\lib\router-utils\setup-dev-bundler.js
- C:\Users\HP\OneDrive\Desktop\ATTENDANCE\node_modules\next\dist\server\lib\router-server.js
- C:\Users\HP\OneDrive\Desktop\ATTENDANCE\node_modules\next\dist\server\lib\start-server.js
    at Function.<anonymous> (node:internal/modules/cjs/loader:1430:15)
    at <unknown> (file://C:\Users\HP\OneDrive\Desktop\ATTENDANCE\node_modules\next\dist\server\require-hook.js:55:36)
    at defaultResolveImpl (node:internal/modules/cjs/loader:1040:19)
    at resolveForCJSWithHooks (node:internal/modules/cjs/loader:1045:22)
    at Function._load (node:internal/modules/cjs/loader:1216:25)
    at wrapModuleLoad (node:internal/modules/cjs/loader:254:19)
    at Module.<anonymous> (node:internal/modules/cjs/loader:1527:12)
    at mod.require (file://C:\Users\HP\OneDrive\Desktop\ATTENDANCE\node_modules\next\dist\server\require-hook.js:65:28)
    at require (node:internal/modules/helpers:147:16)
    at __webpack_require__.f.require (file://C:\Users\HP\OneDrive\Desktop\ATTENDANCE\apps\web\.next\server\webpack-runtime.js:272:28)
    at <unknown> (file://C:\Users\HP\OneDrive\Desktop\ATTENDANCE\apps\web\.next\server\webpack-runtime.js:185:40)
    at Array.reduce (<anonymous>)
    at __webpack_require__.e (file://C:\Users\HP\OneDrive\Desktop\ATTENDANCE\apps\web\.next\server\webpack-runtime.js:184:67)
    at Array.map (<anonymous>)
    at __webpack_require__.X (file://C:\Users\HP\OneDrive\Desktop\ATTENDANCE\apps\web\.next\server\webpack-runtime.js:236:22)
    at <unknown> (file://C:\Users\HP\OneDrive\Desktop\ATTENDANCE\apps\web\.next\server\app\admin\reports\page.js:24:13664)
    at Object.<anonymous> (file://C:\Users\HP\OneDrive\Desktop\ATTENDANCE\apps\web\.next\server\app\admin\reports\page.js:24:13726)
    at Module._compile (node:internal/modules/cjs/loader:1781:14)
    at Object..js (node:internal/modules/cjs/loader:1913:10)
    at Module.load (node:internal/modules/cjs/loader:1505:32)
    at Function._load (node:internal/modules/cjs/loader:1309:12)
    at wrapModuleLoad (node:internal/modules/cjs/loader:254:19)
    at Module.<anonymous> (node:internal/modules/cjs/loader:1527:12)
    at mod.require (file://C:\Users\HP\OneDrive\Desktop\ATTENDANCE\node_modules\next\dist\server\require-hook.js:65:28)
    at require (node:internal/modules/helpers:147:16)
    at requirePage (file://C:\Users\HP\OneDrive\Desktop\ATTENDANCE\node_modules\next\dist\server\require.js:109:84)
    at <unknown> (file://C:\Users\HP\OneDrive\Desktop\ATTENDANCE\node_modules\next\dist\server\load-components.js:103:84)
    at async loadComponentsImpl (file://C:\Users\HP\OneDrive\Desktop\ATTENDANCE\node_modules\next\dist\server\load-components.js:103:26)
    at async DevServer.findPageComponentsImpl (file://C:\Users\HP\OneDrive\Desktop\ATTENDANCE\node_modules\next\dist\server\next-server.js:714:36)
    at async DevServer.findPageComponents (file://C:\Users\HP\OneDrive\Desktop\ATTENDANCE\node_modules\next\dist\server\dev\next-dev-server.js:577:20)
    at async DevServer.renderPageComponent (file://C:\Users\HP\OneDrive\Desktop\ATTENDANCE\node_modules\next\dist\server\base-server.js:1910:24)
    at async DevServer.renderToResponseImpl (file://C:\Users\HP\OneDrive\Desktop\ATTENDANCE\node_modules\next\dist\server\base-server.js:1962:32)
    at async DevServer.pipeImpl (file://C:\Users\HP\OneDrive\Desktop\ATTENDANCE\node_modules\next\dist\server\base-server.js:922:25)
    at async NextNodeServer.handleCatchallRenderRequest (file://C:\Users\HP\OneDrive\Desktop\ATTENDANCE\node_modules\next\dist\server\next-server.js:272:17)
    at async DevServer.handleRequestImpl (file://C:\Users\HP\OneDrive\Desktop\ATTENDANCE\node_modules\next\dist\server\base-server.js:818:17)
    at async (file://C:\Users\HP\OneDrive\Desktop\ATTENDANCE\node_modules\next\dist\server\dev\next-dev-server.js:339:20)
    at async Span.traceAsyncFn (file://C:\Users\HP\OneDrive\Desktop\ATTENDANCE\node_modules\next\dist\trace\trace.js:154:20)
    at async DevServer.handleRequest (file://C:\Users\HP\OneDrive\Desktop\ATTENDANCE\node_modules\next\dist\server\dev\next-dev-server.js:336:24)
    at async invokeRender (file://C:\Users\HP\OneDrive\Desktop\ATTENDANCE\node_modules\next\dist\server\lib\router-server.js:179:21)
    at async handleRequest (file://C:\Users\HP\OneDrive\Desktop\ATTENDANCE\node_modules\next\dist\server\lib\router-server.js:359:24)
    at async requestHandlerImpl (file://C:\Users\HP\OneDrive\Desktop\ATTENDANCE\node_modules\next\dist\server\lib\router-server.js:383:13)
    at async Server.requestListener (file://C:\Users\HP\OneDrive\Desktop\ATTENDANCE\node_modules\next\dist\server\lib\start-server.js:141:13)
[  103673ms] [LOG] [HMR] connected @ webpack-internal:///../../node_modules/next/dist/client/components/react-dev-overlay/pages/websocket.js:38
[  103725ms] [ERROR] Failed to load resource: the server responded with a status of 404 (Not Found) @ http://localhost:3000/favicon.ico:0
[  136842ms] [ERROR] WebSocket connection to 'ws://localhost:3000/_next/webpack-hmr' failed: Error in connection establishment: net::ERR_CONNECTION_REFUSED @ webpack-internal:///../../node_modules/next/dist/client/components/react-dev-overlay/pages/websocket.js:63
[  143216ms] [LOG] [HMR] connected @ webpack-internal:///../../node_modules/next/dist/client/components/react-dev-overlay/pages/websocket.js:38
[  143366ms] [LOG] [Fast Refresh] rebuilding @ webpack-internal:///../../node_modules/next/dist/client/components/react-dev-overlay/pages/hot-reloader-client.js:221
[  149025ms] [LOG] [Fast Refresh] rebuilding @ webpack-internal:///../../node_modules/next/dist/client/components/react-dev-overlay/pages/hot-reloader-client.js:221
